----------------------------------------------------------------
Wed Jun 17 15:37:53 IST 2020:
Booting Derby version The Apache Software Foundation - Apache Derby - 10.14.2.0 - (1828579): instance a816c00e-0172-c1bf-ca0f-000011c7e528 
on database directory memory:G:\ShrikantCGPR\SCHOOL\SPRING-BOOT\employee\3ae2c90d-c826-4219-9350-8366f833fc26 with class loader sun.misc.Launcher$AppClassLoader@73d16e93 
Loaded from file:/C:/Users/Ajay/.m2/repository/org/apache/derby/derby/10.14.2.0/derby-10.14.2.0.jar
java.vendor=Oracle Corporation
java.runtime.version=1.8.0_144-b01
user.dir=G:\ShrikantCGPR\SCHOOL\SPRING-BOOT\employee
os.name=Windows 7
os.arch=amd64
os.version=6.1
derby.system.home=null
Database Class Loader started - derby.database.classpath=''
----------------------------------------------------------------
Wed Jun 17 15:57:16 IST 2020:
Shutting down instance a816c00e-0172-c1bf-ca0f-000011c7e528 on database directory memory:G:\ShrikantCGPR\SCHOOL\SPRING-BOOT\employee\3ae2c90d-c826-4219-9350-8366f833fc26 with class loader sun.misc.Launcher$AppClassLoader@73d16e93 
----------------------------------------------------------------
Wed Jun 17 15:58:01 IST 2020:
Booting Derby version The Apache Software Foundation - Apache Derby - 10.14.2.0 - (1828579): instance 5bd340ca-0172-c1bf-ca0f-000011c7e528 
on database directory memory:G:\ShrikantCGPR\SCHOOL\SPRING-BOOT\employee\3f3f1620-21a1-472d-bd16-d63d1acadab1 with class loader sun.misc.Launcher$AppClassLoader@73d16e93 
Loaded from file:/C:/Users/Ajay/.m2/repository/org/apache/derby/derby/10.14.2.0/derby-10.14.2.0.jar
java.vendor=Oracle Corporation
java.runtime.version=1.8.0_144-b01
user.dir=G:\ShrikantCGPR\SCHOOL\SPRING-BOOT\employee
os.name=Windows 7
os.arch=amd64
os.version=6.1
derby.system.home=null
Database Class Loader started - derby.database.classpath=''
----------------------------------------------------------------
Wed Jun 17 15:59:38 IST 2020:
Shutting down instance 5bd340ca-0172-c1bf-ca0f-000011c7e528 on database directory memory:G:\ShrikantCGPR\SCHOOL\SPRING-BOOT\employee\3f3f1620-21a1-472d-bd16-d63d1acadab1 with class loader sun.misc.Launcher$AppClassLoader@73d16e93 
----------------------------------------------------------------
Wed Jun 17 15:59:41 IST 2020:
Booting Derby version The Apache Software Foundation - Apache Derby - 10.14.2.0 - (1828579): instance fcd90178-0172-c1bf-ca0f-000011c7e528 
on database directory memory:G:\ShrikantCGPR\SCHOOL\SPRING-BOOT\employee\689854a3-8700-49c0-bfbb-51cc13ec7669 with class loader sun.misc.Launcher$AppClassLoader@73d16e93 
Loaded from file:/C:/Users/Ajay/.m2/repository/org/apache/derby/derby/10.14.2.0/derby-10.14.2.0.jar
java.vendor=Oracle Corporation
java.runtime.version=1.8.0_144-b01
user.dir=G:\ShrikantCGPR\SCHOOL\SPRING-BOOT\employee
os.name=Windows 7
os.arch=amd64
os.version=6.1
derby.system.home=null
Database Class Loader started - derby.database.classpath=''
----------------------------------------------------------------
Wed Jun 17 16:00:01 IST 2020:
Shutting down instance fcd90178-0172-c1bf-ca0f-000011c7e528 on database directory memory:G:\ShrikantCGPR\SCHOOL\SPRING-BOOT\employee\689854a3-8700-49c0-bfbb-51cc13ec7669 with class loader sun.misc.Launcher$AppClassLoader@73d16e93 
----------------------------------------------------------------
Wed Jun 17 16:00:03 IST 2020:
Booting Derby version The Apache Software Foundation - Apache Derby - 10.14.2.0 - (1828579): instance 7b6fc226-0172-c1bf-ca0f-000011c7e528 
on database directory memory:G:\ShrikantCGPR\SCHOOL\SPRING-BOOT\employee\47873c4b-4095-4e2d-8942-5c36e112636d with class loader sun.misc.Launcher$AppClassLoader@73d16e93 
Loaded from file:/C:/Users/Ajay/.m2/repository/org/apache/derby/derby/10.14.2.0/derby-10.14.2.0.jar
java.vendor=Oracle Corporation
java.runtime.version=1.8.0_144-b01
user.dir=G:\ShrikantCGPR\SCHOOL\SPRING-BOOT\employee
os.name=Windows 7
os.arch=amd64
os.version=6.1
derby.system.home=null
Database Class Loader started - derby.database.classpath=''
----------------------------------------------------------------
Wed Jun 17 16:00:53 IST 2020:
Shutting down instance 7b6fc226-0172-c1bf-ca0f-000011c7e528 on database directory memory:G:\ShrikantCGPR\SCHOOL\SPRING-BOOT\employee\47873c4b-4095-4e2d-8942-5c36e112636d with class loader sun.misc.Launcher$AppClassLoader@73d16e93 
----------------------------------------------------------------
Wed Jun 17 16:00:55 IST 2020:
Booting Derby version The Apache Software Foundation - Apache Derby - 10.14.2.0 - (1828579): instance 579782d4-0172-c1bf-ca0f-000011c7e528 
on database directory memory:G:\ShrikantCGPR\SCHOOL\SPRING-BOOT\employee\44ccc46f-4f58-4032-9665-cd8143b726d7 with class loader sun.misc.Launcher$AppClassLoader@73d16e93 
Loaded from file:/C:/Users/Ajay/.m2/repository/org/apache/derby/derby/10.14.2.0/derby-10.14.2.0.jar
java.vendor=Oracle Corporation
java.runtime.version=1.8.0_144-b01
user.dir=G:\ShrikantCGPR\SCHOOL\SPRING-BOOT\employee
os.name=Windows 7
os.arch=amd64
os.version=6.1
derby.system.home=null
Database Class Loader started - derby.database.classpath=''
----------------------------------------------------------------
Wed Jun 17 16:02:27 IST 2020:
Shutting down instance 579782d4-0172-c1bf-ca0f-000011c7e528 on database directory memory:G:\ShrikantCGPR\SCHOOL\SPRING-BOOT\employee\44ccc46f-4f58-4032-9665-cd8143b726d7 with class loader sun.misc.Launcher$AppClassLoader@73d16e93 
----------------------------------------------------------------
Wed Jun 17 16:02:34 IST 2020:
Booting Derby version The Apache Software Foundation - Apache Derby - 10.14.2.0 - (1828579): instance 63118384-0172-c1bf-ca0f-000011c7e528 
on database directory memory:G:\ShrikantCGPR\SCHOOL\SPRING-BOOT\employee\61afb9e2-5df0-45e7-8b1c-03872dc6db21 with class loader sun.misc.Launcher$AppClassLoader@73d16e93 
Loaded from file:/C:/Users/Ajay/.m2/repository/org/apache/derby/derby/10.14.2.0/derby-10.14.2.0.jar
java.vendor=Oracle Corporation
java.runtime.version=1.8.0_144-b01
user.dir=G:\ShrikantCGPR\SCHOOL\SPRING-BOOT\employee
os.name=Windows 7
os.arch=amd64
os.version=6.1
derby.system.home=null
Database Class Loader started - derby.database.classpath=''
----------------------------------------------------------------
Wed Jun 17 16:12:09 IST 2020:
Shutting down instance 63118384-0172-c1bf-ca0f-000011c7e528 on database directory memory:G:\ShrikantCGPR\SCHOOL\SPRING-BOOT\employee\61afb9e2-5df0-45e7-8b1c-03872dc6db21 with class loader sun.misc.Launcher$AppClassLoader@73d16e93 
----------------------------------------------------------------
Wed Jun 17 16:12:12 IST 2020:
Booting Derby version The Apache Software Foundation - Apache Derby - 10.14.2.0 - (1828579): instance e4a8c443-0172-c1bf-ca0f-000011c7e528 
on database directory memory:G:\ShrikantCGPR\SCHOOL\SPRING-BOOT\employee\a2486870-b330-4260-8a8f-471faf7e2a36 with class loader sun.misc.Launcher$AppClassLoader@73d16e93 
Loaded from file:/C:/Users/Ajay/.m2/repository/org/apache/derby/derby/10.14.2.0/derby-10.14.2.0.jar
java.vendor=Oracle Corporation
java.runtime.version=1.8.0_144-b01
user.dir=G:\ShrikantCGPR\SCHOOL\SPRING-BOOT\employee
os.name=Windows 7
os.arch=amd64
os.version=6.1
derby.system.home=null
Database Class Loader started - derby.database.classpath=''
----------------------------------------------------------------
Wed Jun 17 16:20:26 IST 2020:
Shutting down instance e4a8c443-0172-c1bf-ca0f-000011c7e528 on database directory memory:G:\ShrikantCGPR\SCHOOL\SPRING-BOOT\employee\a2486870-b330-4260-8a8f-471faf7e2a36 with class loader sun.misc.Launcher$AppClassLoader@73d16e93 
----------------------------------------------------------------
Wed Jun 17 16:20:29 IST 2020:
Booting Derby version The Apache Software Foundation - Apache Derby - 10.14.2.0 - (1828579): instance 8cbe04f1-0172-c1bf-ca0f-000011c7e528 
on database directory memory:G:\ShrikantCGPR\SCHOOL\SPRING-BOOT\employee\7179e75d-d05f-4106-bd47-d522b23cd305 with class loader sun.misc.Launcher$AppClassLoader@73d16e93 
Loaded from file:/C:/Users/Ajay/.m2/repository/org/apache/derby/derby/10.14.2.0/derby-10.14.2.0.jar
java.vendor=Oracle Corporation
java.runtime.version=1.8.0_144-b01
user.dir=G:\ShrikantCGPR\SCHOOL\SPRING-BOOT\employee
os.name=Windows 7
os.arch=amd64
os.version=6.1
derby.system.home=null
Database Class Loader started - derby.database.classpath=''
----------------------------------------------------------------
Wed Jun 17 16:23:46 IST 2020:
Shutting down instance 8cbe04f1-0172-c1bf-ca0f-000011c7e528 on database directory memory:G:\ShrikantCGPR\SCHOOL\SPRING-BOOT\employee\7179e75d-d05f-4106-bd47-d522b23cd305 with class loader sun.misc.Launcher$AppClassLoader@73d16e93 
----------------------------------------------------------------
Wed Jun 17 16:24:17 IST 2020:
Booting Derby version The Apache Software Foundation - Apache Derby - 10.14.2.0 - (1828579): instance 5264459f-0172-c1bf-ca0f-000011c7e528 
on database directory memory:G:\ShrikantCGPR\SCHOOL\SPRING-BOOT\employee\b5968c1c-a930-460a-9c8d-346dc2b7ba4a with class loader sun.misc.Launcher$AppClassLoader@73d16e93 
Loaded from file:/C:/Users/Ajay/.m2/repository/org/apache/derby/derby/10.14.2.0/derby-10.14.2.0.jar
java.vendor=Oracle Corporation
java.runtime.version=1.8.0_144-b01
user.dir=G:\ShrikantCGPR\SCHOOL\SPRING-BOOT\employee
os.name=Windows 7
os.arch=amd64
os.version=6.1
derby.system.home=null
Database Class Loader started - derby.database.classpath=''
